<?xml version="1.0" encoding="UTF-8"?>
<testng-results ignored="0" total="1" passed="1" failed="0" skipped="0">
  <reporter-output>
  </reporter-output>
  <suite started-at="2020-12-12T16:02:23 IST" name="Suite" finished-at="2020-12-12T16:02:23 IST" duration-ms="96">
    <groups>
    </groups>
    <test started-at="2020-12-12T16:02:23 IST" name="Test" finished-at="2020-12-12T16:02:23 IST" duration-ms="96">
      <class name="jacks.two">
        <test-method signature="qa()[pri:0, instance:jacks.two@19d37183]" started-at="2020-12-12T16:02:23 IST" name="qa" finished-at="2020-12-12T16:02:23 IST" duration-ms="20" status="PASS">
          <reporter-output>
          </reporter-output>
        </test-method> <!-- qa -->
      </class> <!-- jacks.two -->
    </test> <!-- Test -->
  </suite> <!-- Suite -->
</testng-results>
